0 info it worked if it ends with ok
1 verbose cli [
1 verbose cli   'C:\\Program Files (x86)\\Nodist\\v-x64\\12.16.3\\node.exe',
1 verbose cli   'C:\\Program Files (x86)\\Nodist\\npmv\\4.0.5\\bin\\npm-cli.js',
1 verbose cli   'run',
1 verbose cli   'monaca:preview'
1 verbose cli ]
2 info using npm@4.0.5
3 info using node@v12.16.3
4 verbose run-script [ 'premonaca:preview', 'monaca:preview', 'postmonaca:preview' ]
5 info lifecycle monaca-template-helloworld@2.0.8~premonaca:preview: monaca-template-helloworld@2.0.8
6 warn lifecycle The node binary used for scripts is C:\Program Files (x86)\Nodist\bin\node.exe but npm is using C:\Program Files (x86)\Nodist\v-x64\12.16.3\node.exe itself. Use the `--scripts-prepend-node-path` option to include the path for the node binary npm was executed with.
7 silly lifecycle monaca-template-helloworld@2.0.8~premonaca:preview: no script for premonaca:preview, continuing
8 info lifecycle monaca-template-helloworld@2.0.8~monaca:preview: monaca-template-helloworld@2.0.8
9 verbose lifecycle monaca-template-helloworld@2.0.8~monaca:preview: unsafe-perm in lifecycle true
10 verbose lifecycle monaca-template-helloworld@2.0.8~monaca:preview: PATH: C:\Program Files (x86)\Nodist\npmv\4.0.5\bin\node-gyp-bin;C:\Users\user\desktop\monaca\記憶力アップ\node_modules\.bin;C:\Python38\Scripts\;C:\Python38\;C:\Program Files (x86)\Intel\Intel(R) Management Engine Components\iCLS\;C:\Program Files\Intel\Intel(R) Management Engine Components\iCLS\;C:\WINDOWS\system32;C:\WINDOWS;C:\WINDOWS\System32\Wbem;C:\WINDOWS\System32\WindowsPowerShell\v1.0\;C:\WINDOWS\System32\OpenSSH\;C:\Program Files (x86)\Intel\Intel(R) Management Engine Components\DAL;C:\Program Files\Intel\Intel(R) Management Engine Components\DAL;C:\Program Files (x86)\Common Files\Roxio Shared\DLLShared\;C:\Program Files (x86)\Common Files\Roxio Shared\OEM\12.0\DLLShared\;C:\Program Files (x86)\Roxio 2010\OEM\AudioCore\;C:\Program Files (x86)\Nodist\bin;C:\Program Files\PostgreSQL\12\bin;C:\ProgramData\chocolatey\bin;C:\Program Files\nodejs\;C:\HashiCorp\Vagrant\bin;C:\Program Files\PuTTY\;C:\Users\user\AppData\Local\Programs\Python\Python38-32\Scripts\;C:\Users\user\AppData\Local\Programs\Python\Python38-32\;C:\Users\user\AppData\Local\Microsoft\WindowsApps;C:\Users\user\AppData\Local\atom\bin;C:\Users\user\AppData\Local\Programs\Microsoft VS Code\bin;C:\Users\user\AppData\Roaming\npm
11 verbose lifecycle monaca-template-helloworld@2.0.8~monaca:preview: CWD: C:\Users\user\desktop\monaca\記憶力アップ
12 silly lifecycle monaca-template-helloworld@2.0.8~monaca:preview: Args: [ '/d /s /c', 'npm run dev' ]
13 silly lifecycle monaca-template-helloworld@2.0.8~monaca:preview: Returned: code: 1  signal: null
14 info lifecycle monaca-template-helloworld@2.0.8~monaca:preview: Failed to exec monaca:preview script
15 verbose stack Error: monaca-template-helloworld@2.0.8 monaca:preview: `npm run dev`
15 verbose stack Exit status 1
15 verbose stack     at EventEmitter.<anonymous> (C:\Program Files (x86)\Nodist\npmv\4.0.5\lib\utils\lifecycle.js:279:16)
15 verbose stack     at EventEmitter.emit (events.js:310:20)
15 verbose stack     at ChildProcess.<anonymous> (C:\Program Files (x86)\Nodist\npmv\4.0.5\lib\utils\spawn.js:40:14)
15 verbose stack     at ChildProcess.emit (events.js:310:20)
15 verbose stack     at maybeClose (internal/child_process.js:1021:16)
15 verbose stack     at Process.ChildProcess._handle.onexit (internal/child_process.js:286:5)
16 verbose pkgid monaca-template-helloworld@2.0.8
17 verbose cwd C:\Users\user\desktop\monaca\記憶力アップ
18 error Windows_NT 10.0.18363
19 error argv "C:\\Program Files (x86)\\Nodist\\v-x64\\12.16.3\\node.exe" "C:\\Program Files (x86)\\Nodist\\npmv\\4.0.5\\bin\\npm-cli.js" "run" "monaca:preview"
20 error node v12.16.3
21 error npm  v4.0.5
22 error code ELIFECYCLE
23 error monaca-template-helloworld@2.0.8 monaca:preview: `npm run dev`
23 error Exit status 1
24 error Failed at the monaca-template-helloworld@2.0.8 monaca:preview script 'npm run dev'.
24 error Make sure you have the latest version of node.js and npm installed.
24 error If you do, this is most likely a problem with the monaca-template-helloworld package,
24 error not with npm itself.
24 error Tell the author that this fails on your system:
24 error     npm run dev
24 error You can get information on how to open an issue for this project with:
24 error     npm bugs monaca-template-helloworld
24 error Or if that isn't available, you can get their info via:
24 error     npm owner ls monaca-template-helloworld
24 error There is likely additional logging output above.
25 verbose exit [ 1, true ]
